The system is: Linux - sh: 0: getcwd() failed: No such file or directory
5.3.0-29-generic - sh: 0: getcwd() failed: No such file or directory
x86_64
Determining if the C compiler works passed with the following output:
Change Dir: /home/christian/Documents/AI/Temp/build/CMakeFiles/CMakeTmp

Run Build Command:"/usr/bin/make" "cmTC_0d9e0/fast"
/usr/bin/make -f CMakeFiles/cmTC_0d9e0.dir/build.make CMakeFiles/cmTC_0d9e0.dir/build
make[1]: Entering directory '/home/christian/Documents/AI/Temp/build/CMakeFiles/CMakeTmp'
Building C object CMakeFiles/cmTC_0d9e0.dir/testCCompiler.c.o
/bin/gcc-9    -o CMakeFiles/cmTC_0d9e0.dir/testCCompiler.c.o   -c /home/christian/Documents/AI/Temp/build/CMakeFiles/CMakeTmp/testCCompiler.c
Linking C executable cmTC_0d9e0
/usr/bin/cmake -E cmake_link_script CMakeFiles/cmTC_0d9e0.dir/link.txt --verbose=1
/bin/gcc-9      CMakeFiles/cmTC_0d9e0.dir/testCCompiler.c.o  -o cmTC_0d9e0 
make[1]: Leaving directory '/home/christian/Documents/AI/Temp/build/CMakeFiles/CMakeTmp'


Detecting C compiler ABI info compiled with the following output:
Change Dir: /home/christian/Documents/AI/Temp/build/CMakeFiles/CMakeTmp

Run Build Command:"/usr/bin/make" "cmTC_78339/fast"
/usr/bin/make -f CMakeFiles/cmTC_78339.dir/build.make CMakeFiles/cmTC_78339.dir/build
make[1]: Entering directory '/home/christian/Documents/AI/Temp/build/CMakeFiles/CMakeTmp'
Building C object CMakeFiles/cmTC_78339.dir/CMakeCCompilerABI.c.o
/bin/gcc-9    -o CMakeFiles/cmTC_78339.dir/CMakeCCompilerABI.c.o   -c /usr/share/cmake-3.13/Modules/CMakeCCompilerABI.c
Linking C executable cmTC_78339
/usr/bin/cmake -E cmake_link_script CMakeFiles/cmTC_78339.dir/link.txt --verbose=1
/bin/gcc-9      CMakeFiles/cmTC_78339.dir/CMakeCCompilerABI.c.o  -o cmTC_78339 
make[1]: Leaving directory '/home/christian/Documents/AI/Temp/build/CMakeFiles/CMakeTmp'


Determining if the CXX compiler works passed with the following output:
Change Dir: /home/christian/Documents/AI/Temp/build/CMakeFiles/CMakeTmp

Run Build Command:"/usr/bin/make" "cmTC_16d33/fast"
/usr/bin/make -f CMakeFiles/cmTC_16d33.dir/build.make CMakeFiles/cmTC_16d33.dir/build
make[1]: Entering directory '/home/christian/Documents/AI/Temp/build/CMakeFiles/CMakeTmp'
Building CXX object CMakeFiles/cmTC_16d33.dir/testCXXCompiler.cxx.o
/bin/g++-9     -o CMakeFiles/cmTC_16d33.dir/testCXXCompiler.cxx.o -c /home/christian/Documents/AI/Temp/build/CMakeFiles/CMakeTmp/testCXXCompiler.cxx
Linking CXX executable cmTC_16d33
/usr/bin/cmake -E cmake_link_script CMakeFiles/cmTC_16d33.dir/link.txt --verbose=1
/bin/g++-9       CMakeFiles/cmTC_16d33.dir/testCXXCompiler.cxx.o  -o cmTC_16d33 
make[1]: Leaving directory '/home/christian/Documents/AI/Temp/build/CMakeFiles/CMakeTmp'


Detecting CXX compiler ABI info compiled with the following output:
Change Dir: /home/christian/Documents/AI/Temp/build/CMakeFiles/CMakeTmp

Run Build Command:"/usr/bin/make" "cmTC_b8b12/fast"
/usr/bin/make -f CMakeFiles/cmTC_b8b12.dir/build.make CMakeFiles/cmTC_b8b12.dir/build
make[1]: Entering directory '/home/christian/Documents/AI/Temp/build/CMakeFiles/CMakeTmp'
Building CXX object CMakeFiles/cmTC_b8b12.dir/CMakeCXXCompilerABI.cpp.o
/bin/g++-9     -o CMakeFiles/cmTC_b8b12.dir/CMakeCXXCompilerABI.cpp.o -c /usr/share/cmake-3.13/Modules/CMakeCXXCompilerABI.cpp
Linking CXX executable cmTC_b8b12
/usr/bin/cmake -E cmake_link_script CMakeFiles/cmTC_b8b12.dir/link.txt --verbose=1
/bin/g++-9       CMakeFiles/cmTC_b8b12.dir/CMakeCXXCompilerABI.cpp.o  -o cmTC_b8b12 
make[1]: Leaving directory '/home/christian/Documents/AI/Temp/build/CMakeFiles/CMakeTmp'


